生成启动时间为 2018/2/3 16:55:39。
     1>项目“D:\vsproj\Face\FaceDetect\FaceDetect\FaceDetect.vcxproj”在节点 2 上(Build 个目标)。
     1>ClCompile:
         C:\Program Files (x86)\Microsoft Visual Studio 14.0\VC\bin\x86_amd64\CL.exe /c /IE:\code\caffe_install_gpu\include\ /I"E:\code\caffe\libraries\include\boost-1_61" /IE:\code\opencv\buildx64\install\include /I"C:\Program Files\NVIDIA GPU Computing Toolkit\CUDA\v9.1\include" /IE:\code\caffe\libraries\include\gflags /IE:\code\caffe\libraries\include /I"E:\code\caffe\libraries\include\boost-1_61\boost" /IE:\code\caffe\libraries\include\google\protobuf /IE:\code\caffe\libraries\include\opencv2 /IE:\code\caffe\libraries\include\opencv /IE:\code\caffe\libraries\include\leveldb /IE:\code\caffe\libraries\include\glog /Zi /nologo /W3 /WX- /sdl /Od /Oi /GL /D NDEBUG /D _CONSOLE /D _UNICODE /D UNICODE /Gm- /EHsc /MD /GS /Gy /fp:precise /Zc:wchar_t /Zc:forScope /Zc:inline /Fo"x64\Release\\" /Fd"x64\Release\vc140.pdb" /Gd /TP /errorReport:prompt caffedetect.cpp facedetect.cpp
         caffedetect.cpp
         facedetect.cpp
     1>facedetect.cpp(79): warning C4244: “参数”: 从“double”转换到“int”，可能丢失数据
       Link:
         C:\Program Files (x86)\Microsoft Visual Studio 14.0\VC\bin\x86_amd64\link.exe /ERRORREPORT:PROMPT /OUT:"D:\vsproj\Face\FaceDetect\x64\Release\FaceDetect.exe" /INCREMENTAL:NO /NOLOGO /LIBPATH:E:\code\caffe\libraries\lib /LIBPATH:E:\code\caffe\libraries\x64\vc14\lib /LIBPATH:E:\code\caffe_install_gpu\lib /LIBPATH:E:\code\caffe\libraries\x64\vc14\staticlib /LIBPATH:"D:\local\boost_1_61_0\lib64-msvc-14.0" /LIBPATH:"C:\Program Files\NVIDIA GPU Computing Toolkit\CUDA\v9.1\lib\x64" "E:\code\opencv\buildx64\install\x64\vc14\lib\*.lib" opencv_core310.lib opencv_highgui310.lib opencv_imgproc310.lib caffe.lib caffeproto.lib gflags.lib glog.lib libopenblas.dll.a libprotobuf.lib leveldb.lib lmdb.lib libcaffehdf5.lib libcaffehdf5_hl.lib "libboost_date_time-vc140-mt-s-1_61.lib" "libboost_filesystem-vc140-mt-s-1_61.lib" "libboost_python-vc140-mt-1_61.lib" "C:\Program Files\NVIDIA GPU Computing Toolkit\CUDA\v9.1\lib\x64\*.lib" kernel32.lib user32.lib gdi32.lib winspool.lib comdlg32.lib advapi32.lib shell32.lib ole32.lib oleaut32.lib uuid.lib odbc32.lib odbccp32.lib /MANIFEST /MANIFESTUAC:"level='asInvoker' uiAccess='false'" /manifest:embed /Debug /PDB:"D:\vsproj\Face\FaceDetect\x64\Release\FaceDetect.pdb" /SUBSYSTEM:CONSOLE /OPT:REF /OPT:ICF /LTCG:incremental /TLBID:1 /DYNAMICBASE /NXCOMPAT /IMPLIB:"D:\vsproj\Face\FaceDetect\x64\Release\FaceDetect.lib" /MACHINE:X64 x64\Release\caffedetect.obj
         x64\Release\facedetect.obj
         x64\Release\open_face_get.obj
         正在生成代码
         0 of 251 functions ( 0.0%) were compiled, the rest were copied from previous compilation.
           0 functions were new in current compilation
           0 functions had inline decision re-evaluated but remain unchanged
         已完成代码的生成
         FaceDetect.vcxproj -> D:\vsproj\Face\FaceDetect\x64\Release\FaceDetect.exe
     1>已完成生成项目“D:\vsproj\Face\FaceDetect\FaceDetect\FaceDetect.vcxproj”(Build 个目标)的操作。

已成功生成。

已用时间 00:00:05.21
